#
# There is insufficient memory for the Java Runtime Environment to continue.
# Native memory allocation (malloc) failed to allocate 223376 bytes for Chunk::new
# Possible reasons:
#   The system is out of physical RAM or swap space
#   The process is running with CompressedOops enabled, and the Java Heap may be blocking the growth of the native heap
# Possible solutions:
#   Reduce memory load on the system
#   Increase physical memory or swap space
#   Check if swap backing store is full
#   Decrease Java heap size (-Xmx/-Xms)
#   Decrease number of Java threads
#   Decrease Java thread stack sizes (-Xss)
#   Set larger code cache with -XX:ReservedCodeCacheSize=
#   JVM is running with Zero Based Compressed Oops mode in which the Java heap is
#     placed in the first 32GB address space. The Java Heap base address is the
#     maximum limit for the native heap growth. Please use -XX:HeapBaseMinAddress
#     to set the Java Heap base and to place the Java Heap above 32GB virtual address.
# This output file may be truncated or incomplete.
#
#  Out of Memory Error (arena.cpp:189), pid=54484, tid=33560
#
# JRE version: Java(TM) SE Runtime Environment (17.0.4.1+1) (build 17.0.4.1+1-LTS-2)
# Java VM: Java HotSpot(TM) 64-Bit Server VM (17.0.4.1+1-LTS-2, mixed mode, sharing, tiered, compressed oops, compressed class ptrs, g1 gc, windows-amd64)
# Core dump will be written. Default location: C:\Users\10709086\Downloads\amazon\hs_err_pid54484.mdmp
#

---------------  S U M M A R Y ------------

Command Line: -javaagent:C:\Program Files\JetBrains\IntelliJ IDEA Community Edition 2022.2.3\lib\idea_rt.jar=50513:C:\Program Files\JetBrains\IntelliJ IDEA Community Edition 2022.2.3\bin -Dfile.encoding=UTF-8 com.onlineshopping.amazon.AmazonApplication

Host: Intel(R) Xeon(R) Platinum 8272CL CPU @ 2.60GHz, 16 cores, 63G,  Windows Server 2019 , 64 bit Build 19041 (10.0.19041.2364)
Time: Fri Jan  6 15:11:51 2023 India Standard Time elapsed time: 597.800775 seconds (0d 0h 9m 57s)

---------------  T H R E A D  ---------------

Current thread (0x000002577c2c4d00):  JavaThread "C2 CompilerThread0" daemon [_thread_in_native, id=33560, stack(0x000000c538100000,0x000000c538200000)]


Current CompileTask:
C2: 597801 10846       4       org.hibernate.engine.jdbc.connections.internal.DatasourceConnectionProviderImpl::closeConnection (7 bytes)

Stack: [0x000000c538100000,0x000000c538200000]
Native frames: (J=compiled Java code, j=interpreted, Vv=VM code, C=native code)
V  [jvm.dll+0x6723ba]
V  [jvm.dll+0x7d1e34]
V  [jvm.dll+0x7d35de]
V  [jvm.dll+0x7d3c43]
V  [jvm.dll+0x243065]
V  [jvm.dll+0xaa57b]
V  [jvm.dll+0xaab0c]
V  [jvm.dll+0x360412]
V  [jvm.dll+0x32a971]
V  [jvm.dll+0x329e1a]
V  [jvm.dll+0x2161a1]
V  [jvm.dll+0x2155c1]
V  [jvm.dll+0x1a1fcd]
V  [jvm.dll+0x224e08]
V  [jvm.dll+0x222f75]
V  [jvm.dll+0x787a0b]
V  [jvm.dll+0x781fca]
V  [jvm.dll+0x671245]
C  [ucrtbase.dll+0x21bb2]
C  [KERNEL32.DLL+0x17614]
C  [ntdll.dll+0x526a1]


---------------  P R O C E S S  ---------------

Threads class SMR info:
_java_thread_list=0x0000025710c89410, length=29, elements={
0x000002577c2a6280, 0x000002577c2a6d40, 0x000002577c2bb0b0, 0x000002577c2bda80,
0x000002577c2c0350, 0x000002577c2c4110, 0x000002577c2c4d00, 0x000002577c2ce6d0,
0x000002577c2e7780, 0x000002577c252390, 0x000002577d133970, 0x000002577d133e40,
0x00000257143276f0, 0x0000025710f01700, 0x00000257144b2d30, 0x00000257144dc240,
0x000002571a5f1980, 0x000002571a5f0170, 0x000002571a5ef7d0, 0x000002571a5f0b10,
0x000002571a5f0fe0, 0x000002571a5f14b0, 0x000002571a5f1e50, 0x000002571a5f2320,
0x000002571a5f27f0, 0x000002571a5f0640, 0x000002571a5f2cc0, 0x000002571a5f3190,
0x000002571a5efca0
}

Java Threads: ( => current thread )
  0x000002577c2a6280 JavaThread "Reference Handler" daemon [_thread_blocked, id=49972, stack(0x000000c537b00000,0x000000c537c00000)]
  0x000002577c2a6d40 JavaThread "Finalizer" daemon [_thread_blocked, id=33996, stack(0x000000c537c00000,0x000000c537d00000)]
  0x000002577c2bb0b0 JavaThread "Signal Dispatcher" daemon [_thread_blocked, id=27420, stack(0x000000c537d00000,0x000000c537e00000)]
  0x000002577c2bda80 JavaThread "Attach Listener" daemon [_thread_blocked, id=25620, stack(0x000000c537e00000,0x000000c537f00000)]
  0x000002577c2c0350 JavaThread "Service Thread" daemon [_thread_blocked, id=47356, stack(0x000000c537f00000,0x000000c538000000)]
  0x000002577c2c4110 JavaThread "Monitor Deflation Thread" daemon [_thread_blocked, id=20180, stack(0x000000c538000000,0x000000c538100000)]
=>0x000002577c2c4d00 JavaThread "C2 CompilerThread0" daemon [_thread_in_native, id=33560, stack(0x000000c538100000,0x000000c538200000)]
  0x000002577c2ce6d0 JavaThread "C1 CompilerThread0" daemon [_thread_blocked, id=54560, stack(0x000000c538200000,0x000000c538300000)]
  0x000002577c2e7780 JavaThread "Sweeper thread" daemon [_thread_blocked, id=55040, stack(0x000000c538300000,0x000000c538400000)]
  0x000002577c252390 JavaThread "Common-Cleaner" daemon [_thread_blocked, id=21036, stack(0x000000c538400000,0x000000c538500000)]
  0x000002577d133970 JavaThread "Monitor Ctrl-Break" daemon [_thread_in_native, id=45916, stack(0x000000c538800000,0x000000c538900000)]
  0x000002577d133e40 JavaThread "Notification Thread" daemon [_thread_blocked, id=53188, stack(0x000000c538900000,0x000000c538a00000)]
  0x00000257143276f0 JavaThread "Catalina-utility-1" [_thread_blocked, id=47556, stack(0x000000c539e00000,0x000000c539f00000)]
  0x0000025710f01700 JavaThread "Catalina-utility-2" [_thread_blocked, id=37960, stack(0x000000c539f00000,0x000000c53a000000)]
  0x00000257144b2d30 JavaThread "container-0" [_thread_blocked, id=39580, stack(0x000000c53a000000,0x000000c53a100000)]
  0x00000257144dc240 JavaThread "HikariPool-1 housekeeper" daemon [_thread_blocked, id=42128, stack(0x000000c539c00000,0x000000c539d00000)]
  0x000002571a5f1980 JavaThread "http-nio-9086-exec-1" daemon [_thread_blocked, id=54132, stack(0x000000c53a500000,0x000000c53a600000)]
  0x000002571a5f0170 JavaThread "http-nio-9086-exec-2" daemon [_thread_blocked, id=11444, stack(0x000000c53a600000,0x000000c53a700000)]
  0x000002571a5ef7d0 JavaThread "http-nio-9086-exec-3" daemon [_thread_blocked, id=21316, stack(0x000000c53a700000,0x000000c53a800000)]
  0x000002571a5f0b10 JavaThread "http-nio-9086-exec-4" daemon [_thread_blocked, id=44432, stack(0x000000c53a800000,0x000000c53a900000)]
  0x000002571a5f0fe0 JavaThread "http-nio-9086-exec-5" daemon [_thread_blocked, id=39628, stack(0x000000c53a900000,0x000000c53aa00000)]
  0x000002571a5f14b0 JavaThread "http-nio-9086-exec-6" daemon [_thread_blocked, id=5336, stack(0x000000c53aa00000,0x000000c53ab00000)]
  0x000002571a5f1e50 JavaThread "http-nio-9086-exec-7" daemon [_thread_blocked, id=7720, stack(0x000000c53ab00000,0x000000c53ac00000)]
  0x000002571a5f2320 JavaThread "http-nio-9086-exec-8" daemon [_thread_blocked, id=53044, stack(0x000000c53ac00000,0x000000c53ad00000)]
  0x000002571a5f27f0 JavaThread "http-nio-9086-exec-9" daemon [_thread_blocked, id=36556, stack(0x000000c53ad00000,0x000000c53ae00000)]
  0x000002571a5f0640 JavaThread "http-nio-9086-exec-10" daemon [_thread_blocked, id=39448, stack(0x000000c53ae00000,0x000000c53af00000)]
  0x000002571a5f2cc0 JavaThread "http-nio-9086-Poller" daemon [_thread_in_native, id=11040, stack(0x000000c53af00000,0x000000c53b000000)]
  0x000002571a5f3190 JavaThread "http-nio-9086-Acceptor" daemon [_thread_in_native, id=42600, stack(0x000000c53b000000,0x000000c53b100000)]
  0x000002571a5efca0 JavaThread "DestroyJavaVM" [_thread_blocked, id=24984, stack(0x000000c537400000,0x000000c537500000)]

Other Threads:
  0x000002577c2a1010 VMThread "VM Thread" [stack: 0x000000c537a00000,0x000000c537b00000] [id=14168]
  0x000002577d134310 WatcherThread [stack: 0x000000c538a00000,0x000000c538b00000] [id=45136]
  0x00000257631d17f0 GCTaskThread "GC Thread#0" [stack: 0x000000c537500000,0x000000c537600000] [id=13320]
  0x000002577e156750 GCTaskThread "GC Thread#1" [stack: 0x000000c538e00000,0x000000c538f00000] [id=32668]
  0x000002577de4bc30 GCTaskThread "GC Thread#2" [stack: 0x000000c538f00000,0x000000c539000000] [id=35720]
  0x000002577de5fc00 GCTaskThread "GC Thread#3" [stack: 0x000000c539000000,0x000000c539100000] [id=19004]
  0x000002577e186810 GCTaskThread "GC Thread#4" [stack: 0x000000c539100000,0x000000c539200000] [id=31584]
  0x000002577df7cea0 GCTaskThread "GC Thread#5" [stack: 0x000000c539200000,0x000000c539300000] [id=2668]
  0x000002577dad10b0 GCTaskThread "GC Thread#6" [stack: 0x000000c539300000,0x000000c539400000] [id=51364]
  0x000002577dad2000 GCTaskThread "GC Thread#7" [stack: 0x000000c539400000,0x000000c539500000] [id=47620]
  0x000002577dad2ac0 GCTaskThread "GC Thread#8" [stack: 0x000000c539500000,0x000000c539600000] [id=39040]
  0x000002577dad3590 GCTaskThread "GC Thread#9" [stack: 0x000000c539600000,0x000000c539700000] [id=47788]
  0x000002577dad3840 GCTaskThread "GC Thread#10" [stack: 0x000000c539700000,0x000000c539800000] [id=54176]
  0x000002577dad3af0 GCTaskThread "GC Thread#11" [stack: 0x000000c539800000,0x000000c539900000] [id=27468]
  0x000002577dad41b0 GCTaskThread "GC Thread#12" [stack: 0x000000c539900000,0x000000c539a00000] [id=52320]
  0x000002574c0e7d30 ConcurrentGCThread "G1 Main Marker" [stack: 0x000000c537600000,0x000000c537700000] [id=26172]
  0x000002574c0e8df0 ConcurrentGCThread "G1 Conc#0" [stack: 0x000000c537700000,0x000000c537800000] [id=24568]
  0x000002577da73070 ConcurrentGCThread "G1 Conc#1" [stack: 0x000000c538d00000,0x000000c538e00000] [id=38476]
  0x000002577da73320 ConcurrentGCThread "G1 Conc#2" [stack: 0x000000c539a00000,0x000000c539b00000] [id=18512]
  0x0000025763338010 ConcurrentGCThread "G1 Refine#0" [stack: 0x000000c537800000,0x000000c537900000] [id=44052]
  0x0000025714bcc190 ConcurrentGCThread "G1 Refine#1" [stack: 0x000000c538600000,0x000000c538700000] [id=60220]
  0x0000025763338940 ConcurrentGCThread "G1 Service" [stack: 0x000000c537900000,0x000000c537a00000] [id=44572]

Threads with active compile tasks:
C2 CompilerThread0   597915 10846       4       org.hibernate.engine.jdbc.connections.internal.DatasourceConnectionProviderImpl::closeConnection (7 bytes)

VM state: not at safepoint (normal execution)

VM Mutex/Monitor currently owned by a thread: None

Heap address: 0x0000000400000000, size: 16384 MB, Compressed Oops mode: Zero based, Oop shift amount: 3

CDS archive(s) mapped at: [0x0000000800000000-0x0000000800bc0000-0x0000000800bc0000), size 12320768, SharedBaseAddress: 0x0000000800000000, ArchiveRelocationMode: 0.
Compressed class space mapped at: 0x0000000800c00000-0x0000000840c00000, reserved size: 1073741824
Narrow klass base: 0x0000000800000000, Narrow klass shift: 0, Narrow klass range: 0x100000000

GC Precious Log:
 CPUs: 16 total, 16 available
 Memory: 65534M
 Large Page Support: Disabled
 NUMA Support: Disabled
 Compressed Oops: Enabled (Zero based)
 Heap Region Size: 8M
 Heap Min Capacity: 8M
 Heap Initial Capacity: 1G
 Heap Max Capacity: 16G
 Pre-touch: Disabled
 Parallel Workers: 13
 Concurrent Workers: 3
 Concurrent Refinement Workers: 13
 Periodic GC: Disabled

Heap:
 garbage-first heap   total 81920K, used 34067K [0x0000000400000000, 0x0000000800000000)
  region size 8192K, 3 young (24576K), 1 survivors (8192K)
 Metaspace       used 61392K, committed 61824K, reserved 1105920K
  class space    used 7985K, committed 8192K, reserved 1048576K

Heap Regions: E=young(eden), S=young(survivor), O=old, HS=humongous(starts), HC=humongous(continues), CS=collection set, F=free, OA=open archive, CA=closed archive, TAMS=top-at-mark-start (previous, next)
|   0|0x0000000400000000, 0x00000004007b9800, 0x0000000400800000| 96%| O|  |TAMS 0x00000004007b9800, 0x0000000400000000| Untracked 
|   1|0x0000000400800000, 0x0000000401000000, 0x0000000401000000|100%| O|  |TAMS 0x0000000401000000, 0x0000000400800000| Untracked 
|   2|0x0000000401000000, 0x0000000401800000, 0x0000000401800000|100%| O|  |TAMS 0x0000000401235000, 0x0000000401000000| Untracked 
|   3|0x0000000401800000, 0x0000000401983e00, 0x0000000402000000| 18%| O|  |TAMS 0x0000000401800000, 0x0000000401800000| Untracked 
|   4|0x0000000402000000, 0x0000000402000000, 0x0000000402800000|  0%| F|  |TAMS 0x0000000402000000, 0x0000000402000000| Untracked 
|   5|0x0000000402800000, 0x0000000402800000, 0x0000000403000000|  0%| F|  |TAMS 0x0000000402800000, 0x0000000402800000| Untracked 
|   6|0x0000000403000000, 0x00000004030078f0, 0x0000000403800000|  0%| S|CS|TAMS 0x0000000403000000, 0x0000000403000000| Complete 
|   7|0x0000000403800000, 0x0000000403800000, 0x0000000404000000|  0%| F|  |TAMS 0x0000000403800000, 0x0000000403800000| Untracked 
| 125|0x000000043e800000, 0x000000043ecb32b8, 0x000000043f000000| 58%| E|  |TAMS 0x000000043e800000, 0x000000043e800000| Complete 
| 127|0x000000043f800000, 0x0000000440000000, 0x0000000440000000|100%| E|CS|TAMS 0x000000043f800000, 0x000000043f800000| Complete 

Card table byte_map: [0x0000025765350000,0x0000025767350000] _byte_map_base: 0x0000025763350000

Marking Bits (Prev, Next): (CMBitMap*) 0x000002574c0d7680, (CMBitMap*) 0x000002574c0d7640
 Prev Bits: [0x0000025700000000, 0x0000025710000000)
 Next Bits: [0x0000025769350000, 0x0000025779350000)

Polling page: 0x000002574b7d0000

Metaspace:

Usage:
  Non-class:     52.15 MB used.
      Class:      7.80 MB used.
       Both:     59.95 MB used.

Virtual space:
  Non-class space:       56.00 MB reserved,      52.38 MB ( 94%) committed,  7 nodes.
      Class space:        1.00 GB reserved,       8.00 MB ( <1%) committed,  1 nodes.
             Both:        1.05 GB reserved,      60.38 MB (  6%) committed. 

Chunk freelists:
   Non-Class:  3.28 MB
       Class:  3.98 MB
        Both:  7.26 MB

MaxMetaspaceSize: unlimited
CompressedClassSpaceSize: 1.00 GB
Initial GC threshold: 21.00 MB
Current GC threshold: 98.88 MB
CDS: on
MetaspaceReclaimPolicy: balanced
 - commit_granule_bytes: 65536.
 - commit_granule_words: 8192.
 - virtual_space_node_default_size: 1048576.
 - enlarge_chunks_in_place: 1.
 - new_chunks_are_fully_committed: 0.
 - uncommit_free_chunks: 1.
 - use_allocation_guard: 0.
 - handle_deallocations: 1.


Internal statistics:

num_allocs_failed_limit: 9.
num_arena_births: 540.
num_arena_deaths: 0.
num_vsnodes_births: 8.
num_vsnodes_deaths: 0.
num_space_committed: 966.
num_space_uncommitted: 0.
num_chunks_returned_to_freelist: 9.
num_chunks_taken_from_freelist: 2848.
num_chunk_merges: 9.
num_chunk_splits: 1996.
num_chunks_enlarged: 1556.
num_purges: 0.
num_inconsistent_stats: 0.

CodeHeap 'non-profiled nmethods': size=119168Kb used=10596Kb max_used=10855Kb free=108571Kb
 bounds [0x000002575b450000, 0x000002575bef0000, 0x00000257628b0000]
CodeHeap 'profiled nmethods': size=119104Kb used=14377Kb max_used=18572Kb free=104726Kb
 bounds [0x0000025754000000, 0x0000025755280000, 0x000002575b450000]
CodeHeap 'non-nmethods': size=7488Kb used=1326Kb max_used=3153Kb free=6161Kb
 bounds [0x00000257538b0000, 0x0000025753bf0000, 0x0000025754000000]
 total_blobs=9054 nmethods=8418 adapters=547
 compilation: enabled
              stopped_count=0, restarted_count=0
 full_count=0

Compilation events (20 events):
Event: 587.759 Thread 0x000002577c2c4d00 nmethod 10836 0x000002575bad6a90 code [0x000002575bad6c00, 0x000002575bad6cb8]
Event: 587.759 Thread 0x000002577c2c4d00 10837       4       org.hibernate.internal.SessionImpl::shouldCloseJdbcCoordinatorOnClose (41 bytes)
Event: 587.760 Thread 0x000002577c2c4d00 nmethod 10837 0x000002575bc58e90 code [0x000002575bc59000, 0x000002575bc59098]
Event: 587.772 Thread 0x000002577c2c4d00 10838       4       java.util.concurrent.atomic.AtomicIntegerFieldUpdater$AtomicIntegerFieldUpdaterImpl::set (18 bytes)
Event: 587.773 Thread 0x000002577c2c4d00 nmethod 10838 0x000002575ba15490 code [0x000002575ba15600, 0x000002575ba15758]
Event: 587.773 Thread 0x000002577c2c4d00 10839  s!   4       com.zaxxer.hikari.pool.ProxyConnection::closeStatements (113 bytes)
Event: 587.774 Thread 0x000002577c2c4d00 nmethod 10839 0x000002575b4e1610 code [0x000002575b4e1780, 0x000002575b4e1978]
Event: 587.774 Thread 0x000002577c2c4d00 10840       4       com.zaxxer.hikari.pool.PoolBase::resetConnectionState (280 bytes)
Event: 587.776 Thread 0x000002577c2c4d00 nmethod 10840 0x000002575bc54f10 code [0x000002575bc550a0, 0x000002575bc55298]
Event: 590.004 Thread 0x000002577c2ce6d0 10841   !   3       org.apache.catalina.core.StandardWrapperValve::invoke (2665 bytes)
Event: 590.051 Thread 0x000002577c2ce6d0 nmethod 10841 0x000002575524c390 code [0x000002575524e900, 0x000002575526ddc8]
Event: 590.433 Thread 0x000002577c2c4d00 10842       4       org.hibernate.engine.internal.SessionEventListenerManagerImpl::jdbcConnectionReleaseEnd (42 bytes)
Event: 590.434 Thread 0x000002577c2c4d00 nmethod 10842 0x000002575bd31990 code [0x000002575bd31b00, 0x000002575bd31bb8]
Event: 594.532 Thread 0x000002577c2c4d00 10843 % !   4       org.apache.tomcat.util.net.NioEndpoint$Poller::run @ 0 (260 bytes)
Event: 594.623 Thread 0x000002577c2c4d00 nmethod 10843% 0x000002575bc1b890 code [0x000002575bc1bc20, 0x000002575bc1e310]
Event: 595.301 Thread 0x000002577c2c4d00 10844   !   4       java.util.concurrent.locks.AbstractQueuedSynchronizer$ConditionObject::await (183 bytes)
Event: 595.324 Thread 0x000002577c2c4d00 nmethod 10844 0x000002575b99eb90 code [0x000002575b99ed80, 0x000002575b99f888]
Event: 597.651 Thread 0x000002577c2c4d00 10845       4       org.hibernate.internal.SessionImpl::closeWithoutOpenChecks (111 bytes)
Event: 597.779 Thread 0x000002577c2c4d00 nmethod 10845 0x000002575be18690 code [0x000002575be18c40, 0x000002575be1c898]
Event: 597.779 Thread 0x000002577c2c4d00 10846       4       org.hibernate.engine.jdbc.connections.internal.DatasourceConnectionProviderImpl::closeConnection (7 bytes)

GC Heap History (20 events):
Event: 586.783 GC heap before
{Heap before GC invocations=144 (full 0):
 garbage-first heap   total 81920K, used 50436K [0x0000000400000000, 0x0000000800000000)
  region size 8192K, 4 young (32768K), 1 survivors (8192K)
 Metaspace       used 61392K, committed 61824K, reserved 1105920K
  class space    used 7985K, committed 8192K, reserved 1048576K
}
Event: 586.785 GC heap after
{Heap after GC invocations=145 (full 0):
 garbage-first heap   total 81920K, used 25870K [0x0000000400000000, 0x0000000800000000)
  region size 8192K, 1 young (8192K), 1 survivors (8192K)
 Metaspace       used 61392K, committed 61824K, reserved 1105920K
  class space    used 7985K, committed 8192K, reserved 1048576K
}
Event: 587.847 GC heap before
{Heap before GC invocations=145 (full 0):
 garbage-first heap   total 81920K, used 50446K [0x0000000400000000, 0x0000000800000000)
  region size 8192K, 4 young (32768K), 1 survivors (8192K)
 Metaspace       used 61392K, committed 61824K, reserved 1105920K
  class space    used 7985K, committed 8192K, reserved 1048576K
}
Event: 587.848 GC heap after
{Heap after GC invocations=146 (full 0):
 garbage-first heap   total 81920K, used 25880K [0x0000000400000000, 0x0000000800000000)
  region size 8192K, 1 young (8192K), 1 survivors (8192K)
 Metaspace       used 61392K, committed 61824K, reserved 1105920K
  class space    used 7985K, committed 8192K, reserved 1048576K
}
Event: 588.900 GC heap before
{Heap before GC invocations=146 (full 0):
 garbage-first heap   total 81920K, used 50456K [0x0000000400000000, 0x0000000800000000)
  region size 8192K, 4 young (32768K), 1 survivors (8192K)
 Metaspace       used 61392K, committed 61824K, reserved 1105920K
  class space    used 7985K, committed 8192K, reserved 1048576K
}
Event: 588.906 GC heap after
{Heap after GC invocations=147 (full 0):
 garbage-first heap   total 81920K, used 25864K [0x0000000400000000, 0x0000000800000000)
  region size 8192K, 1 young (8192K), 1 survivors (8192K)
 Metaspace       used 61392K, committed 61824K, reserved 1105920K
  class space    used 7985K, committed 8192K, reserved 1048576K
}
Event: 590.783 GC heap before
{Heap before GC invocations=147 (full 0):
 garbage-first heap   total 81920K, used 50440K [0x0000000400000000, 0x0000000800000000)
  region size 8192K, 4 young (32768K), 1 survivors (8192K)
 Metaspace       used 61392K, committed 61824K, reserved 1105920K
  class space    used 7985K, committed 8192K, reserved 1048576K
}
Event: 590.803 GC heap after
{Heap after GC invocations=148 (full 0):
 garbage-first heap   total 81920K, used 25859K [0x0000000400000000, 0x0000000800000000)
  region size 8192K, 1 young (8192K), 1 survivors (8192K)
 Metaspace       used 61392K, committed 61824K, reserved 1105920K
  class space    used 7985K, committed 8192K, reserved 1048576K
}
Event: 592.228 GC heap before
{Heap before GC invocations=148 (full 0):
 garbage-first heap   total 81920K, used 50435K [0x0000000400000000, 0x0000000800000000)
  region size 8192K, 4 young (32768K), 1 survivors (8192K)
 Metaspace       used 61392K, committed 61824K, reserved 1105920K
  class space    used 7985K, committed 8192K, reserved 1048576K
}
Event: 592.229 GC heap after
{Heap after GC invocations=149 (full 0):
 garbage-first heap   total 81920K, used 25882K [0x0000000400000000, 0x0000000800000000)
  region size 8192K, 1 young (8192K), 1 survivors (8192K)
 Metaspace       used 61392K, committed 61824K, reserved 1105920K
  class space    used 7985K, committed 8192K, reserved 1048576K
}
Event: 593.098 GC heap before
{Heap before GC invocations=149 (full 0):
 garbage-first heap   total 81920K, used 50458K [0x0000000400000000, 0x0000000800000000)
  region size 8192K, 4 young (32768K), 1 survivors (8192K)
 Metaspace       used 61392K, committed 61824K, reserved 1105920K
  class space    used 7985K, committed 8192K, reserved 1048576K
}
Event: 593.100 GC heap after
{Heap after GC invocations=150 (full 0):
 garbage-first heap   total 81920K, used 25875K [0x0000000400000000, 0x0000000800000000)
  region size 8192K, 1 young (8192K), 1 survivors (8192K)
 Metaspace       used 61392K, committed 61824K, reserved 1105920K
  class space    used 7985K, committed 8192K, reserved 1048576K
}
Event: 594.064 GC heap before
{Heap before GC invocations=150 (full 0):
 garbage-first heap   total 81920K, used 50451K [0x0000000400000000, 0x0000000800000000)
  region size 8192K, 4 young (32768K), 1 survivors (8192K)
 Metaspace       used 61392K, committed 61824K, reserved 1105920K
  class space    used 7985K, committed 8192K, reserved 1048576K
}
Event: 594.065 GC heap after
{Heap after GC invocations=151 (full 0):
 garbage-first heap   total 81920K, used 25885K [0x0000000400000000, 0x0000000800000000)
  region size 8192K, 1 young (8192K), 1 survivors (8192K)
 Metaspace       used 61392K, committed 61824K, reserved 1105920K
  class space    used 7985K, committed 8192K, reserved 1048576K
}
Event: 595.095 GC heap before
{Heap before GC invocations=151 (full 0):
 garbage-first heap   total 81920K, used 50461K [0x0000000400000000, 0x0000000800000000)
  region size 8192K, 4 young (32768K), 1 survivors (8192K)
 Metaspace       used 61392K, committed 61824K, reserved 1105920K
  class space    used 7985K, committed 8192K, reserved 1048576K
}
Event: 595.096 GC heap after
{Heap after GC invocations=152 (full 0):
 garbage-first heap   total 81920K, used 25869K [0x0000000400000000, 0x0000000800000000)
  region size 8192K, 1 young (8192K), 1 survivors (8192K)
 Metaspace       used 61392K, committed 61824K, reserved 1105920K
  class space    used 7985K, committed 8192K, reserved 1048576K
}
Event: 596.177 GC heap before
{Heap before GC invocations=152 (full 0):
 garbage-first heap   total 81920K, used 50445K [0x0000000400000000, 0x0000000800000000)
  region size 8192K, 4 young (32768K), 1 survivors (8192K)
 Metaspace       used 61392K, committed 61824K, reserved 1105920K
  class space    used 7985K, committed 8192K, reserved 1048576K
}
Event: 596.179 GC heap after
{Heap after GC invocations=153 (full 0):
 garbage-first heap   total 81920K, used 25881K [0x0000000400000000, 0x0000000800000000)
  region size 8192K, 1 young (8192K), 1 survivors (8192K)
 Metaspace       used 61392K, committed 61824K, reserved 1105920K
  class space    used 7985K, committed 8192K, reserved 1048576K
}
Event: 597.258 GC heap before
{Heap before GC invocations=153 (full 0):
 garbage-first heap   total 81920K, used 50457K [0x0000000400000000, 0x0000000800000000)
  region size 8192K, 4 young (32768K), 1 survivors (8192K)
 Metaspace       used 61392K, committed 61824K, reserved 1105920K
  class space    used 7985K, committed 8192K, reserved 1048576K
}
Event: 597.259 GC heap after
{Heap after GC invocations=154 (full 0):
 garbage-first heap   total 81920K, used 25875K [0x0000000400000000, 0x0000000800000000)
  region size 8192K, 1 young (8192K), 1 survivors (8192K)
 Metaspace       used 61392K, committed 61824K, reserved 1105920K
  class space    used 7985K, committed 8192K, reserved 1048576K
}

Deoptimization events (20 events):
Event: 560.517 Thread 0x000002571a5f1980 Uncommon trap: trap_request=0xffffffbe fr.pc=0x000002575bec0d94 relative=0x00000000000019d4
Event: 560.517 Thread 0x000002571a5f1980 Uncommon trap: reason=profile_predicate action=maybe_recompile pc=0x000002575bec0d94 method=org.springframework.web.servlet.mvc.method.annotation.AbstractMessageConverterMethodProcessor.getProducibleMediaTypes(Ljavax/servlet/http/HttpServletRequest;Ljava/
Event: 560.517 Thread 0x000002571a5f1980 DEOPT PACKING pc=0x000002575bec0d94 sp=0x000000c53a5fd670
Event: 560.517 Thread 0x000002571a5f1980 DEOPT UNPACKING pc=0x0000025753905c23 sp=0x000000c53a5fd680 mode 2
Event: 583.029 Thread 0x000002571a5f0640 Uncommon trap: trap_request=0xffffff45 fr.pc=0x000002575bb948d8 relative=0x00000000000009d8
Event: 583.029 Thread 0x000002571a5f0640 Uncommon trap: reason=unstable_if action=reinterpret pc=0x000002575bb948d8 method=java.util.concurrent.locks.AbstractQueuedSynchronizer.isEnqueued(Ljava/util/concurrent/locks/AbstractQueuedSynchronizer$Node;)Z @ 11 c2
Event: 583.029 Thread 0x000002571a5f0640 DEOPT PACKING pc=0x000002575bb948d8 sp=0x000000c53aeff0a0
Event: 583.029 Thread 0x000002571a5f0640 DEOPT UNPACKING pc=0x0000025753905c23 sp=0x000000c53aefef78 mode 2
Event: 585.547 Thread 0x000002571a5f0fe0 Uncommon trap: trap_request=0xffffff45 fr.pc=0x000002575bbd74e0 relative=0x0000000000002900
Event: 585.547 Thread 0x000002571a5f0fe0 Uncommon trap: reason=unstable_if action=reinterpret pc=0x000002575bbd74e0 method=com.zaxxer.hikari.util.ConcurrentBag.requite(Lcom/zaxxer/hikari/util/ConcurrentBag$IConcurrentBagEntry;)V @ 16 c2
Event: 585.547 Thread 0x000002571a5f0fe0 DEOPT PACKING pc=0x000002575bbd74e0 sp=0x000000c53a9fdf10
Event: 585.547 Thread 0x000002571a5f0fe0 DEOPT UNPACKING pc=0x0000025753905c23 sp=0x000000c53a9fda18 mode 2
Event: 587.180 Thread 0x000002571a5f2cc0 Uncommon trap: trap_request=0xffffffc6 fr.pc=0x000002575ba1e094 relative=0x0000000000000bb4
Event: 587.180 Thread 0x000002571a5f2cc0 Uncommon trap: reason=bimorphic_or_optimized_type_check action=maybe_recompile pc=0x000002575ba1e094 method=java.util.HashMap.removeNode(ILjava/lang/Object;Ljava/lang/Object;ZZ)Ljava/util/HashMap$Node; @ 143 c2
Event: 587.180 Thread 0x000002571a5f2cc0 DEOPT PACKING pc=0x000002575ba1e094 sp=0x000000c53afff1c0
Event: 587.180 Thread 0x000002571a5f2cc0 DEOPT UNPACKING pc=0x0000025753905c23 sp=0x000000c53afff158 mode 2
Event: 589.663 Thread 0x000002571a5f1980 Uncommon trap: trap_request=0xffffff45 fr.pc=0x000002575b74fe94 relative=0x0000000000000c94
Event: 589.663 Thread 0x000002571a5f1980 Uncommon trap: reason=unstable_if action=reinterpret pc=0x000002575b74fe94 method=org.apache.catalina.core.StandardWrapperValve.invoke(Lorg/apache/catalina/connector/Request;Lorg/apache/catalina/connector/Response;)V @ 889 c2
Event: 589.663 Thread 0x000002571a5f1980 DEOPT PACKING pc=0x000002575b74fe94 sp=0x000000c53a5fecd0
Event: 589.663 Thread 0x000002571a5f1980 DEOPT UNPACKING pc=0x0000025753905c23 sp=0x000000c53a5fec48 mode 2

Classes unloaded (0 events):
No events

Classes redefined (0 events):
No events

Internal exceptions (20 events):
Event: 7.881 Thread 0x000002574c065d00 Exception <a 'java/lang/NoSuchMethodError'{0x000000043ea42580}: 'java.lang.Object java.lang.invoke.DirectMethodHandle$Holder.invokeSpecial(java.lang.Object, java.lang.Object, java.lang.Object, java.lang.Object, int, int)'> (0x000000043ea42580) 
thrown [s\open\src\hotspot\share\interpreter\linkResolver.cpp, line 759]
Event: 7.900 Thread 0x000002574c065d00 Exception <a 'java/lang/IncompatibleClassChangeError'{0x000000043ea88b50}: Found class java.lang.Object, but interface was expected> (0x000000043ea88b50) 
thrown [s\open\src\hotspot\share\interpreter\linkResolver.cpp, line 826]
Event: 8.047 Thread 0x000002574c065d00 Implicit null exception at 0x000002575b573540 to 0x000002575b573764
Event: 8.100 Thread 0x000002574c065d00 Exception <a 'java/lang/NoSuchMethodError'{0x000000043ed95bd8}: 'java.lang.Object java.lang.invoke.DirectMethodHandle$Holder.invokeSpecial(java.lang.Object, java.lang.Object, int, java.lang.Object, int, java.lang.Object)'> (0x000000043ed95bd8) 
thrown [s\open\src\hotspot\share\interpreter\linkResolver.cpp, line 759]
Event: 8.101 Thread 0x000002574c065d00 Exception <a 'java/lang/NoSuchMethodError'{0x000000043ed9d9d8}: 'java.lang.Object java.lang.invoke.DirectMethodHandle$Holder.newInvokeSpecial(java.lang.Object, java.lang.Object, int, java.lang.Object, int)'> (0x000000043ed9d9d8) 
thrown [s\open\src\hotspot\share\interpreter\linkResolver.cpp, line 759]
Event: 8.102 Thread 0x000002574c065d00 Exception <a 'java/lang/NoSuchMethodError'{0x000000043eda1ad8}: 'java.lang.Object java.lang.invoke.DirectMethodHandle$Holder.invokeSpecial(java.lang.Object, java.lang.Object, java.lang.Object, int, java.lang.Object, int)'> (0x000000043eda1ad8) 
thrown [s\open\src\hotspot\share\interpreter\linkResolver.cpp, line 759]
Event: 8.106 Thread 0x000002574c065d00 Exception <a 'java/lang/NoSuchMethodError'{0x000000043edab668}: 'void java.lang.invoke.DirectMethodHandle$Holder.invokeVirtual(java.lang.Object, java.lang.Object)'> (0x000000043edab668) 
thrown [s\open\src\hotspot\share\interpreter\linkResolver.cpp, line 759]
Event: 21.207 Thread 0x000002571a5f0170 Exception <a 'java/lang/NoSuchMethodError'{0x0000000403e30c28}: 'java.lang.Object java.lang.invoke.DirectMethodHandle$Holder.invokeStaticInit(java.lang.Object, java.lang.Object, java.lang.Object, java.lang.Object, java.lang.Object, java.lang.Object)'> (0x0000000403e30c28) 
thrown [s\open\src\hotspot\share\interpreter\linkResolver.cpp, line 759]
Event: 406.451 Thread 0x000002571a5f1980 Implicit null exception at 0x000002575b4e5460 to 0x000002575b4e5740
Event: 406.602 Thread 0x000002571a5f0b10 Implicit null exception at 0x000002575b553180 to 0x000002575b55345e
Event: 558.635 Thread 0x000002571a5f14b0 Implicit null exception at 0x000002575ba226a2 to 0x000002575ba22a58
Event: 558.685 Thread 0x000002571a5ef7d0 Implicit null exception at 0x000002575bca5d20 to 0x000002575bca82fc
Event: 558.685 Thread 0x000002571a5ef7d0 Implicit null exception at 0x000002575be08de0 to 0x000002575be0af90
Event: 558.686 Thread 0x000002571a5ef7d0 Implicit null exception at 0x000002575bd53d09 to 0x000002575bd541c4
Event: 558.686 Thread 0x000002571a5ef7d0 Implicit null exception at 0x000002575bd54eb0 to 0x000002575bd54efc
Event: 558.686 Thread 0x000002571a5ef7d0 Implicit null exception at 0x000002575bae47a1 to 0x000002575bae6490
Event: 558.687 Thread 0x000002571a5ef7d0 Implicit null exception at 0x000002575b764f00 to 0x000002575b765c8c
Event: 558.691 Thread 0x000002571a5ef7d0 Implicit null exception at 0x000002575b74d2a0 to 0x000002575b753c24
Event: 558.691 Thread 0x000002571a5ef7d0 Implicit null exception at 0x000002575baa4112 to 0x000002575baa42e8
Event: 558.691 Thread 0x000002571a5ef7d0 Implicit null exception at 0x000002575b65f3b2 to 0x000002575b65f5c4

VM Operations (20 events):
Event: 586.783 Executing VM operation: G1CollectForAllocation
Event: 586.785 Executing VM operation: G1CollectForAllocation done
Event: 587.847 Executing VM operation: G1CollectForAllocation
Event: 587.848 Executing VM operation: G1CollectForAllocation done
Event: 588.889 Executing VM operation: G1CollectForAllocation
Event: 588.907 Executing VM operation: G1CollectForAllocation done
Event: 590.783 Executing VM operation: G1CollectForAllocation
Event: 590.804 Executing VM operation: G1CollectForAllocation done
Event: 592.228 Executing VM operation: G1CollectForAllocation
Event: 592.229 Executing VM operation: G1CollectForAllocation done
Event: 593.098 Executing VM operation: G1CollectForAllocation
Event: 593.100 Executing VM operation: G1CollectForAllocation done
Event: 594.064 Executing VM operation: G1CollectForAllocation
Event: 594.065 Executing VM operation: G1CollectForAllocation done
Event: 595.095 Executing VM operation: G1CollectForAllocation
Event: 595.096 Executing VM operation: G1CollectForAllocation done
Event: 596.177 Executing VM operation: G1CollectForAllocation
Event: 596.179 Executing VM operation: G1CollectForAllocation done
Event: 597.258 Executing VM operation: G1CollectForAllocation
Event: 597.259 Executing VM operation: G1CollectForAllocation done

Events (20 events):
Event: 562.407 Thread 0x000002577c2e7780 flushing nmethod 0x00000257551f3390
Event: 562.407 Thread 0x000002577c2e7780 flushing nmethod 0x00000257551f5790
Event: 562.407 Thread 0x000002577c2e7780 flushing nmethod 0x00000257551f8390
Event: 562.407 Thread 0x000002577c2e7780 flushing nmethod 0x0000025755204b10
Event: 562.407 Thread 0x000002577c2e7780 flushing nmethod 0x0000025755205a90
Event: 562.407 Thread 0x000002577c2e7780 flushing nmethod 0x0000025755208a90
Event: 562.407 Thread 0x000002577c2e7780 flushing nmethod 0x0000025755209e10
Event: 562.407 Thread 0x000002577c2e7780 flushing nmethod 0x0000025755210910
Event: 562.407 Thread 0x000002577c2e7780 flushing nmethod 0x0000025755211a10
Event: 562.407 Thread 0x000002577c2e7780 flushing nmethod 0x0000025755217110
Event: 571.266 Thread 0x000002577d79f260 Thread added: 0x000002577d79f260
Event: 571.267 Thread 0x000002577d79f770 Thread added: 0x000002577d79f770
Event: 571.675 Thread 0x000002577d79f770 Thread exited: 0x000002577d79f770
Event: 571.675 Thread 0x000002577d79f260 Thread exited: 0x000002577d79f260
Event: 573.414 Thread 0x000002577d7a0190 Thread added: 0x000002577d7a0190
Event: 573.414 Thread 0x000002577d79d400 Thread added: 0x000002577d79d400
Event: 573.414 Thread 0x000002577d79d910 Thread added: 0x000002577d79d910
Event: 575.219 Thread 0x000002577d79d910 Thread exited: 0x000002577d79d910
Event: 577.223 Thread 0x000002577d7a0190 Thread exited: 0x000002577d7a0190
Event: 577.223 Thread 0x000002577d79d400 Thread exited: 0x000002577d79d400


Dynamic libraries:
0x00007ff7453b0000 - 0x00007ff7453c0000 	C:\Program Files\Java\jdk-17.0.4.1\bin\java.exe
0x00007fffbe3d0000 - 0x00007fffbe5c8000 	C:\Windows\SYSTEM32\ntdll.dll
0x00007fffbc410000 - 0x00007fffbc4cf000 	C:\Windows\System32\KERNEL32.DLL
0x00007fffbc000000 - 0x00007fffbc2d2000 	C:\Windows\System32\KERNELBASE.dll
0x00007fff966d0000 - 0x00007fff966e8000 	C:\Program Files\Java\jdk-17.0.4.1\bin\jli.dll
0x00007fffbbf00000 - 0x00007fffbc000000 	C:\Windows\System32\ucrtbase.dll
0x00007fff965d0000 - 0x00007fff965ea000 	C:\Program Files\Java\jdk-17.0.4.1\bin\VCRUNTIME140.dll
0x00007fffbd340000 - 0x00007fffbd3ee000 	C:\Windows\System32\ADVAPI32.dll
0x00007fffbd2a0000 - 0x00007fffbd33e000 	C:\Windows\System32\msvcrt.dll
0x00007fffbc4d0000 - 0x00007fffbc56c000 	C:\Windows\System32\sechost.dll
0x00007fffbcd00000 - 0x00007fffbce25000 	C:\Windows\System32\RPCRT4.dll
0x00007fffbd090000 - 0x00007fffbd231000 	C:\Windows\System32\USER32.dll
0x00007fffad020000 - 0x00007fffad2ba000 	C:\Windows\WinSxS\amd64_microsoft.windows.common-controls_6595b64144ccf1df_6.0.19041.1110_none_60b5254171f9507e\COMCTL32.dll
0x00007fffbc350000 - 0x00007fffbc372000 	C:\Windows\System32\win32u.dll
0x00007fffbd060000 - 0x00007fffbd08b000 	C:\Windows\System32\GDI32.dll
0x00007fffbbb60000 - 0x00007fffbbc6f000 	C:\Windows\System32\gdi32full.dll
0x00007fffb9f40000 - 0x00007fffb9f4a000 	C:\Windows\SYSTEM32\VERSION.dll
0x00007fffbbac0000 - 0x00007fffbbb5d000 	C:\Windows\System32\msvcp_win.dll
0x00007fffbe0a0000 - 0x00007fffbe0d2000 	C:\Windows\System32\IMM32.DLL
0x0000025749eb0000 - 0x0000025749ec4000 	C:\Windows\System32\umppc16105.dll
0x0000000068000000 - 0x0000000068071000 	C:\Windows\System32\QIPCAP64.dll
0x00007fffbd950000 - 0x00007fffbe094000 	C:\Windows\System32\SHELL32.dll
0x00007fffbaed0000 - 0x00007fffbaf9a000 	C:\Windows\SYSTEM32\DNSAPI.dll
0x00007fffbae90000 - 0x00007fffbaecb000 	C:\Windows\SYSTEM32\IPHLPAPI.DLL
0x00007fffbe1d0000 - 0x00007fffbe1d8000 	C:\Windows\System32\NSI.dll
0x00007fff965c0000 - 0x00007fff965cc000 	C:\Program Files\Java\jdk-17.0.4.1\bin\vcruntime140_1.dll
0x00007fff845f0000 - 0x00007fff8467d000 	C:\Program Files\Java\jdk-17.0.4.1\bin\msvcp140.dll
0x00007fff5eb00000 - 0x00007fff5f6c2000 	C:\Program Files\Java\jdk-17.0.4.1\bin\server\jvm.dll
0x00007fffbd8b0000 - 0x00007fffbd8b8000 	C:\Windows\System32\PSAPI.DLL
0x00007fff94cd0000 - 0x00007fff94cd9000 	C:\Windows\SYSTEM32\WSOCK32.dll
0x00007fffbe160000 - 0x00007fffbe1cb000 	C:\Windows\System32\WS2_32.dll
0x00007fff8af70000 - 0x00007fff8af97000 	C:\Windows\SYSTEM32\WINMM.dll
0x00007fffb9f00000 - 0x00007fffb9f12000 	C:\Windows\SYSTEM32\kernel.appcore.dll
0x00007fff965b0000 - 0x00007fff965ba000 	C:\Program Files\Java\jdk-17.0.4.1\bin\jimage.dll
0x00007fffb9390000 - 0x00007fffb9574000 	C:\Windows\SYSTEM32\DBGHELP.DLL
0x00007fffaaa60000 - 0x00007fffaaa95000 	C:\Windows\SYSTEM32\dbgcore.DLL
0x00007fffbc380000 - 0x00007fffbc402000 	C:\Windows\System32\bcryptPrimitives.dll
0x00007fff91a10000 - 0x00007fff91a1e000 	C:\Program Files\Java\jdk-17.0.4.1\bin\instrument.dll
0x00007fff96580000 - 0x00007fff965a5000 	C:\Program Files\Java\jdk-17.0.4.1\bin\java.dll
0x00007fff60ba0000 - 0x00007fff60c76000 	C:\Program Files\Java\jdk-17.0.4.1\bin\jsvml.dll
0x00007fffba0d0000 - 0x00007fffba862000 	C:\Windows\SYSTEM32\windows.storage.dll
0x00007fffbd3f0000 - 0x00007fffbd745000 	C:\Windows\System32\combase.dll
0x00007fffbb440000 - 0x00007fffbb470000 	C:\Windows\SYSTEM32\Wldp.dll
0x00007fffbc6a0000 - 0x00007fffbc74d000 	C:\Windows\System32\SHCORE.dll
0x000002577c640000 - 0x000002577c695000 	C:\Windows\System32\shlwapi.dll
0x00007fffbba00000 - 0x00007fffbba1f000 	C:\Windows\SYSTEM32\profapi.dll
0x00007fff96500000 - 0x00007fff96518000 	C:\Program Files\Java\jdk-17.0.4.1\bin\zip.dll
0x00007fff96560000 - 0x00007fff96579000 	C:\Program Files\Java\jdk-17.0.4.1\bin\net.dll
0x00007fffbaa40000 - 0x00007fffbab4c000 	C:\Windows\SYSTEM32\WINHTTP.dll
0x00007fffbb1a0000 - 0x00007fffbb20a000 	C:\Windows\system32\mswsock.dll
0x00007fff96540000 - 0x00007fff96556000 	C:\Program Files\Java\jdk-17.0.4.1\bin\nio.dll
0x00007fff85360000 - 0x00007fff8537a000 	C:\Program Files\JetBrains\IntelliJ IDEA Community Edition 2022.2.3\bin\breakgen64.dll
0x00007fff94810000 - 0x00007fff94820000 	C:\Program Files\Java\jdk-17.0.4.1\bin\verify.dll
0x00007fff8b120000 - 0x00007fff8b129000 	C:\Program Files\Java\jdk-17.0.4.1\bin\management.dll
0x00007fff8aee0000 - 0x00007fff8aeeb000 	C:\Program Files\Java\jdk-17.0.4.1\bin\management_ext.dll
0x00007fffad520000 - 0x00007fffad537000 	C:\Windows\system32\napinsp.dll
0x00007fffad540000 - 0x00007fffad55b000 	C:\Windows\system32\pnrpnsp.dll
0x00007fffad560000 - 0x00007fffad575000 	C:\Windows\system32\wshbth.dll
0x00007fffb2670000 - 0x00007fffb268d000 	C:\Windows\system32\NLAapi.dll
0x00007fffad5c0000 - 0x00007fffad5d2000 	C:\Windows\System32\winrnr.dll
0x00007fffb0600000 - 0x00007fffb060a000 	C:\Windows\System32\rasadhlp.dll
0x00007fffb2ec0000 - 0x00007fffb2f40000 	C:\Windows\System32\fwpuclnt.dll
0x00007fffbbe20000 - 0x00007fffbbe47000 	C:\Windows\System32\bcrypt.dll
0x00007fffbb3a0000 - 0x00007fffbb3b8000 	C:\Windows\SYSTEM32\CRYPTSP.dll
0x00007fffba9b0000 - 0x00007fffba9e4000 	C:\Windows\system32\rsaenh.dll
0x00007fffbb9c0000 - 0x00007fffbb9ee000 	C:\Windows\SYSTEM32\USERENV.dll
0x00007fffbb390000 - 0x00007fffbb39c000 	C:\Windows\SYSTEM32\CRYPTBASE.dll
0x00007fffb2f40000 - 0x00007fffb2f57000 	C:\Windows\SYSTEM32\dhcpcsvc6.DLL
0x00007fffb3030000 - 0x00007fffb304d000 	C:\Windows\SYSTEM32\dhcpcsvc.DLL
0x00007fff8a7c0000 - 0x00007fff8a7ce000 	C:\Program Files\Java\jdk-17.0.4.1\bin\sunmscapi.dll
0x00007fffbbcc0000 - 0x00007fffbbe16000 	C:\Windows\System32\CRYPT32.dll
0x00007fffbb4b0000 - 0x00007fffbb4d7000 	C:\Windows\SYSTEM32\ncrypt.dll
0x00007fffbb470000 - 0x00007fffbb4ab000 	C:\Windows\SYSTEM32\NTASN1.dll
0x00007ffface50000 - 0x00007ffface57000 	C:\Windows\system32\wshunix.dll

dbghelp: loaded successfully - version: 4.0.5 - missing functions: none
symbol engine: initialized successfully - sym options: 0x614 - pdb path: .;C:\Program Files\Java\jdk-17.0.4.1\bin;C:\Windows\SYSTEM32;C:\Windows\WinSxS\amd64_microsoft.windows.common-controls_6595b64144ccf1df_6.0.19041.1110_none_60b5254171f9507e;C:\Program Files\Java\jdk-17.0.4.1\bin\server;C:\Program Files\JetBrains\IntelliJ IDEA Community Edition 2022.2.3\bin

VM Arguments:
jvm_args: -javaagent:C:\Program Files\JetBrains\IntelliJ IDEA Community Edition 2022.2.3\lib\idea_rt.jar=50513:C:\Program Files\JetBrains\IntelliJ IDEA Community Edition 2022.2.3\bin -Dfile.encoding=UTF-8 
java_command: com.onlineshopping.amazon.AmazonApplication
java_class_path (initial): C:\Users\10709086\Downloads\amazon\amazon\target\classes;C:\Users\10709086\.m2\repository\org\springframework\boot\spring-boot-starter-data-jdbc\2.7.5\spring-boot-starter-data-jdbc-2.7.5.jar;C:\Users\10709086\.m2\repository\org\springframework\boot\spring-boot-starter-jdbc\2.7.5\spring-boot-starter-jdbc-2.7.5.jar;C:\Users\10709086\.m2\repository\com\zaxxer\HikariCP\4.0.3\HikariCP-4.0.3.jar;C:\Users\10709086\.m2\repository\org\springframework\spring-jdbc\5.3.23\spring-jdbc-5.3.23.jar;C:\Users\10709086\.m2\repository\org\springframework\data\spring-data-jdbc\2.4.5\spring-data-jdbc-2.4.5.jar;C:\Users\10709086\.m2\repository\org\springframework\data\spring-data-relational\2.4.5\spring-data-relational-2.4.5.jar;C:\Users\10709086\.m2\repository\org\springframework\data\spring-data-commons\2.7.5\spring-data-commons-2.7.5.jar;C:\Users\10709086\.m2\repository\org\springframework\spring-tx\5.3.23\spring-tx-5.3.23.jar;C:\Users\10709086\.m2\repository\org\springframework\spring-context\5.3.23\spring-context-5.3.23.jar;C:\Users\10709086\.m2\repository\org\springframework\spring-beans\5.3.23\spring-beans-5.3.23.jar;C:\Users\10709086\.m2\repository\org\slf4j\slf4j-api\1.7.36\slf4j-api-1.7.36.jar;C:\Users\10709086\.m2\repository\org\springframework\boot\spring-boot-starter-data-jpa\2.7.5\spring-boot-starter-data-jpa-2.7.5.jar;C:\Users\10709086\.m2\repository\org\springframework\boot\spring-boot-starter-aop\2.7.5\spring-boot-starter-aop-2.7.5.jar;C:\Users\10709086\.m2\repository\org\springframework\spring-aop\5.3.23\spring-aop-5.3.23.jar;C:\Users\10709086\.m2\repository\org\aspectj\aspectjweaver\1.9.7\aspectjweaver-1.9.7.jar;C:\Users\10709086\.m2\repository\jakarta\transaction\jakarta.transaction-api\1.3.3\jakarta.transaction-api-1.3.3.jar;C:\Users\10709086\.m2\repository\jakarta\persistence\jakarta.persistence-api\2.2.3\jakarta.persistence-api-2.2.3.jar;C:\Users\10709086\.m2\repository\org\hibernate\hibernate-core\5.6.12.Final\hibernate-core-5.6.12.Fina
Launcher Type: SUN_STANDARD

[Global flags]
     intx CICompilerCount                          = 12                                        {product} {ergonomic}
     uint ConcGCThreads                            = 3                                         {product} {ergonomic}
     uint G1ConcRefinementThreads                  = 13                                        {product} {ergonomic}
   size_t G1HeapRegionSize                         = 8388608                                   {product} {ergonomic}
    uintx GCDrainStackTargetSize                   = 64                                        {product} {ergonomic}
   size_t InitialHeapSize                          = 1073741824                                {product} {ergonomic}
   size_t MarkStackSize                            = 4194304                                   {product} {ergonomic}
   size_t MaxHeapSize                              = 17179869184                               {product} {ergonomic}
   size_t MaxNewSize                               = 10301210624                               {product} {ergonomic}
   size_t MinHeapDeltaBytes                        = 8388608                                   {product} {ergonomic}
   size_t MinHeapSize                              = 8388608                                   {product} {ergonomic}
    uintx NonNMethodCodeHeapSize                   = 7602480                                {pd product} {ergonomic}
    uintx NonProfiledCodeHeapSize                  = 122027880                              {pd product} {ergonomic}
    uintx ProfiledCodeHeapSize                     = 122027880                              {pd product} {ergonomic}
    uintx ReservedCodeCacheSize                    = 251658240                              {pd product} {ergonomic}
     bool SegmentedCodeCache                       = true                                      {product} {ergonomic}
   size_t SoftMaxHeapSize                          = 17179869184                            {manageable} {ergonomic}
     bool UseCompressedClassPointers               = true                           {product lp64_product} {ergonomic}
     bool UseCompressedOops                        = true                           {product lp64_product} {ergonomic}
     bool UseG1GC                                  = true                                      {product} {ergonomic}
     bool UseLargePagesIndividualAllocation        = false                                  {pd product} {ergonomic}

Logging:
Log output configuration:
 #0: stdout all=warning uptime,level,tags
 #1: stderr all=off uptime,level,tags

Environment Variables:
JAVA_HOME=C:\Program Files\Java\jdk-17.0.4.1
PATH=C:\Program Files\Common Files\Oracle\Java\javapath;C:\Program Files (x86)\Common Files\Oracle\Java\javapath;C:\Program Files\Common Files\Microsoft Shared\Microsoft Online Services;C:\Program Files (x86)\Common Files\Microsoft Shared\Microsoft Online Services;C:\Windows\system32;C:\Windows;C:\Windows\System32\Wbem;C:\Windows\System32\WindowsPowerShell\v1.0\;C:\Windows\System32\OpenSSH\;C:\Program Files\TortoiseSVN\bin;C:\Program Files (x86)\Sennheiser\SoftphoneSDK\;C:\Program Files\PuTTY\;C:\Program Files\Java\jdk-17.0.2\bin;C:\Software\spring-boot-cli-1.3.0.M1-bin\spring-1.3.0.M1\bin;C:\Program Files\nodejs\;C:\Program Files\apache-maven-3.8.6\bin;C:\Program Files\Git\cmd;C:\Program Files\Microsoft VS Code\bin;C:\Users\10709086\AppData\Local\Microsoft\WindowsApps;C:\Users\10709086\AppData\Roaming\npm;
USERNAME=10709086
OS=Windows_NT
PROCESSOR_IDENTIFIER=Intel64 Family 6 Model 85 Stepping 7, GenuineIntel



---------------  S Y S T E M  ---------------

OS:
 Windows Server 2019 , 64 bit Build 19041 (10.0.19041.2364)
OS uptime: 0 days 6:34 hours
Hyper-V virtualization detected

CPU: total 16 (initial active 16) (8 cores per cpu, 2 threads per core) family 6 model 85 stepping 7 microcode 0xffffffff, cx8, cmov, fxsr, ht, mmx, 3dnowpref, sse, sse2, sse3, ssse3, sse4.1, sse4.2, popcnt, lzcnt, tsc, avx, avx2, aes, erms, clmul, bmi1, bmi2, rtm, adx, avx512f, avx512dq, avx512cd, avx512bw, avx512vl, fma, vzeroupper, clflush, clflushopt, hv

Memory: 4k page, system-wide physical 65534M (22017M free)
TotalPageFile size 147954M (AvailPageFile size 15M)
current process WorkingSet (physical memory assigned to process): 266M, peak: 395M
current process commit charge ("private bytes"): 318M, peak: 1227M

vm_info: Java HotSpot(TM) 64-Bit Server VM (17.0.4.1+1-LTS-2) for windows-amd64 JRE (17.0.4.1+1-LTS-2), built on Aug 16 2022 18:32:06 by "mach5one" with MS VC++ 16.8 / 16.9 (VS2019)

END.
